<persistence>
<persistence-unit name="kwetterTestPU" transaction-type="JTA">
    <jta-data-source>java:/Kwetter_Test_DB</jta-data-source>
    <properties>
        <property name="hibernate.hbm2ddl.auto" value="create" />
        <property name="javax.persistence.jdbc.driver" value="org.mysql.Driver"/>
    </properties>
</persistence-unit>
</persistence>